Log file opened on Fri Apr  6 16:17:50 2018
Host: master.cl.vanderbilt.edu  pid: 29971  rank ID: 0  number of ranks:  1
                    :-) GROMACS - gmx mdrun, VERSION 5.1 (-:

                            GROMACS is written by:
     Emile Apol      Rossen Apostolov  Herman J.C. Berendsen    Par Bjelkmar   
 Aldert van Buuren   Rudi van Drunen     Anton Feenstra   Sebastian Fritsch 
  Gerrit Groenhof   Christoph Junghans   Anca Hamuraru    Vincent Hindriksen
 Dimitrios Karkoulis    Peter Kasson        Jiri Kraus      Carsten Kutzner  
    Per Larsson      Justin A. Lemkul   Magnus Lundborg   Pieter Meulenhoff 
   Erik Marklund      Teemu Murtola       Szilard Pall       Sander Pronk   
   Roland Schulz     Alexey Shvetsov     Michael Shirts     Alfons Sijbers  
   Peter Tieleman    Teemu Virolainen  Christian Wennberg    Maarten Wolf   
                           and the project leaders:
        Mark Abraham, Berk Hess, Erik Lindahl, and David van der Spoel

Copyright (c) 1991-2000, University of Groningen, The Netherlands.
Copyright (c) 2001-2015, The GROMACS development team at
Uppsala University, Stockholm University and
the Royal Institute of Technology, Sweden.
check out http://www.gromacs.org for more information.

GROMACS is free software; you can redistribute it and/or modify it
under the terms of the GNU Lesser General Public License
as published by the Free Software Foundation; either version 2.1
of the License, or (at your option) any later version.

GROMACS:      gmx mdrun, VERSION 5.1
Executable:   /raid6/software/gromacs_5.1.0//bin/gmx
Data prefix:  /raid6/software/gromacs_5.1.0/
Command line:
  gmx mdrun -deffnm npt -v

GROMACS version:    VERSION 5.1
Precision:          single
Memory model:       64 bit
MPI library:        thread_mpi
OpenMP support:     enabled (GMX_OPENMP_MAX_THREADS = 32)
GPU support:        enabled
OpenCL support:     disabled
invsqrt routine:    gmx_software_invsqrt(x)
SIMD instructions:  AVX2_256
FFT library:        fftw-3.3.4-sse2-avx
RDTSCP usage:       enabled
C++11 compilation:  disabled
TNG support:        enabled
Tracing support:    disabled
Built on:           Fri Aug 14 12:10:17 CDT 2015
Built by:           microway@master.cl.vanderbilt.edu [CMAKE]
Build OS/arch:      Linux 3.10.0-229.1.2.el7.x86_64 x86_64
Build CPU vendor:   GenuineIntel
Build CPU brand:    Intel(R) Xeon(R) CPU E5-2630 v3 @ 2.40GHz
Build CPU family:   6   Model: 63   Stepping: 2
Build CPU features: aes apic avx avx2 clfsh cmov cx8 cx16 f16c fma htt lahf_lm mmx msr nonstop_tsc pcid pclmuldq pdcm pdpe1gb popcnt pse rdrnd rdtscp sse2 sse3 sse4.1 sse4.2 ssse3 tdt x2apic
C compiler:         /usr/bin/cc GNU 4.8.3
C compiler flags:    -march=core-avx2    -Wextra -Wno-missing-field-initializers -Wno-sign-compare -Wpointer-arith -Wall -Wno-unused -Wunused-value -Wunused-parameter  -O3 -DNDEBUG -funroll-all-loops -fexcess-precision=fast  -Wno-array-bounds 
C++ compiler:       /usr/bin/c++ GNU 4.8.3
C++ compiler flags:  -march=core-avx2    -Wextra -Wno-missing-field-initializers -Wpointer-arith -Wall -Wno-unused-function  -O3 -DNDEBUG -funroll-all-loops -fexcess-precision=fast  -Wno-array-bounds 
Boost version:      1.55.0 (internal)
CUDA compiler:      /usr/local/cuda/bin/nvcc nvcc: NVIDIA (R) Cuda compiler driver;Copyright (c) 2005-2015 NVIDIA Corporation;Built on Mon_Feb_16_22:59:02_CST_2015;Cuda compilation tools, release 7.0, V7.0.27
CUDA compiler flags:-gencode;arch=compute_20,code=sm_20;-gencode;arch=compute_30,code=sm_30;-gencode;arch=compute_35,code=sm_35;-gencode;arch=compute_37,code=sm_37;-gencode;arch=compute_50,code=sm_50;-gencode;arch=compute_50,code=compute_50;-use_fast_math;; ;-march=core-avx2;-Wextra;-Wno-missing-field-initializers;-Wpointer-arith;-Wall;-Wno-unused-function;-O3;-DNDEBUG;-funroll-all-loops;-fexcess-precision=fast;-Wno-array-bounds;
CUDA driver:        7.0
CUDA runtime:       7.0


Running on 1 node with total 16 cores, 32 logical cores, 1 compatible GPU
Hardware detected:
  CPU info:
    Vendor: GenuineIntel
    Brand:  Intel(R) Xeon(R) CPU E5-2630 v3 @ 2.40GHz
    Family:  6  model: 63  stepping:  2
    CPU features: aes apic avx avx2 clfsh cmov cx8 cx16 f16c fma htt lahf_lm mmx msr nonstop_tsc pcid pclmuldq pdcm pdpe1gb popcnt pse rdrnd rdtscp sse2 sse3 sse4.1 sse4.2 ssse3 tdt x2apic
    SIMD instructions most likely to fit this hardware: AVX2_256
    SIMD instructions selected at GROMACS compile time: AVX2_256
  GPU info:
    Number of GPUs detected: 1
    #0: NVIDIA Quadro K620, compute cap.: 5.0, ECC:  no, stat: compatible


++++ PLEASE READ AND CITE THE FOLLOWING REFERENCE ++++
S. Páll, M. J. Abraham, C. Kutzner, B. Hess, E. Lindahl
Tackling Exascale Software Challenges in Molecular Dynamics Simulations with
GROMACS
In S. Markidis & E. Laure (Eds.), Solving Software Challenges for Exascale 8759 (2015) pp. 3-27
-------- -------- --- Thank You --- -------- --------


++++ PLEASE READ AND CITE THE FOLLOWING REFERENCE ++++
S. Pronk, S. Páll, R. Schulz, P. Larsson, P. Bjelkmar, R. Apostolov, M. R.
Shirts, J. C. Smith, P. M. Kasson, D. van der Spoel, B. Hess, and E. Lindahl
GROMACS 4.5: a high-throughput and highly parallel open source molecular
simulation toolkit
Bioinformatics 29 (2013) pp. 845-54
-------- -------- --- Thank You --- -------- --------


++++ PLEASE READ AND CITE THE FOLLOWING REFERENCE ++++
B. Hess and C. Kutzner and D. van der Spoel and E. Lindahl
GROMACS 4: Algorithms for highly efficient, load-balanced, and scalable
molecular simulation
J. Chem. Theory Comput. 4 (2008) pp. 435-447
-------- -------- --- Thank You --- -------- --------


++++ PLEASE READ AND CITE THE FOLLOWING REFERENCE ++++
D. van der Spoel, E. Lindahl, B. Hess, G. Groenhof, A. E. Mark and H. J. C.
Berendsen
GROMACS: Fast, Flexible and Free
J. Comp. Chem. 26 (2005) pp. 1701-1719
-------- -------- --- Thank You --- -------- --------


++++ PLEASE READ AND CITE THE FOLLOWING REFERENCE ++++
E. Lindahl and B. Hess and D. van der Spoel
GROMACS 3.0: A package for molecular simulation and trajectory analysis
J. Mol. Mod. 7 (2001) pp. 306-317
-------- -------- --- Thank You --- -------- --------


++++ PLEASE READ AND CITE THE FOLLOWING REFERENCE ++++
H. J. C. Berendsen, D. van der Spoel and R. van Drunen
GROMACS: A message-passing parallel molecular dynamics implementation
Comp. Phys. Comm. 91 (1995) pp. 43-56
-------- -------- --- Thank You --- -------- --------


For optimal performance with a GPU nstlist (now 10) should be larger.
The optimum depends on your CPU and GPU resources.
You might want to try several nstlist values.
Changing nstlist from 10 to 40, rlist from 1 to 1.004

Input Parameters:
   integrator                     = md
   tinit                          = 0
   dt                             = 0.002
   nsteps                         = 500000
   init-step                      = 0
   simulation-part                = 1
   comm-mode                      = Linear
   nstcomm                        = 100
   bd-fric                        = 0
   ld-seed                        = 2084970207
   emtol                          = 10
   emstep                         = 0.01
   niter                          = 20
   fcstep                         = 0
   nstcgsteep                     = 1000
   nbfgscorr                      = 10
   rtpi                           = 0.05
   nstxout                        = 0
   nstvout                        = 0
   nstfout                        = 0
   nstlog                         = 5000
   nstcalcenergy                  = 100
   nstenergy                      = 5000
   nstxout-compressed             = 5000
   compressed-x-precision         = 1000
   cutoff-scheme                  = Verlet
   nstlist                        = 40
   ns-type                        = Grid
   pbc                            = xyz
   periodic-molecules             = FALSE
   verlet-buffer-tolerance        = 0.005
   rlist                          = 1.004
   rlistlong                      = 1.004
   nstcalclr                      = 10
   coulombtype                    = Cut-off
   coulomb-modifier               = Potential-shift
   rcoulomb-switch                = 0
   rcoulomb                       = 1
   epsilon-r                      = 1
   epsilon-rf                     = inf
   vdw-type                       = Cut-off
   vdw-modifier                   = Potential-shift
   rvdw-switch                    = 0
   rvdw                           = 1
   DispCorr                       = EnerPres
   table-extension                = 1
   fourierspacing                 = 0.12
   fourier-nx                     = 0
   fourier-ny                     = 0
   fourier-nz                     = 0
   pme-order                      = 4
   ewald-rtol                     = 1e-05
   ewald-rtol-lj                  = 0.001
   lj-pme-comb-rule               = Geometric
   ewald-geometry                 = 0
   epsilon-surface                = 0
   implicit-solvent               = No
   gb-algorithm                   = Still
   nstgbradii                     = 1
   rgbradii                       = 1
   gb-epsilon-solvent             = 80
   gb-saltconc                    = 0
   gb-obc-alpha                   = 1
   gb-obc-beta                    = 0.8
   gb-obc-gamma                   = 4.85
   gb-dielectric-offset           = 0.009
   sa-algorithm                   = Ace-approximation
   sa-surface-tension             = 2.05016
   tcoupl                         = Nose-Hoover
   nsttcouple                     = 10
   nh-chain-length                = 1
   print-nose-hoover-chain-variables = FALSE
   pcoupl                         = Parrinello-Rahman
   pcoupltype                     = Isotropic
   nstpcouple                     = 10
   tau-p                          = 2
   compressibility (3x3):
      compressibility[    0]={ 4.50000e-05,  0.00000e+00,  0.00000e+00}
      compressibility[    1]={ 0.00000e+00,  4.50000e-05,  0.00000e+00}
      compressibility[    2]={ 0.00000e+00,  0.00000e+00,  4.50000e-05}
   ref-p (3x3):
      ref-p[    0]={ 1.00000e+00,  0.00000e+00,  0.00000e+00}
      ref-p[    1]={ 0.00000e+00,  1.00000e+00,  0.00000e+00}
      ref-p[    2]={ 0.00000e+00,  0.00000e+00,  1.00000e+00}
   refcoord-scaling               = COM
   posres-com (3):
      posres-com[0]= 0.00000e+00
      posres-com[1]= 0.00000e+00
      posres-com[2]= 0.00000e+00
   posres-comB (3):
      posres-comB[0]= 0.00000e+00
      posres-comB[1]= 0.00000e+00
      posres-comB[2]= 0.00000e+00
   QMMM                           = FALSE
   QMconstraints                  = 0
   QMMMscheme                     = 0
   MMChargeScaleFactor            = 1
qm-opts:
   ngQM                           = 0
   constraint-algorithm           = Lincs
   continuation                   = FALSE
   Shake-SOR                      = FALSE
   shake-tol                      = 0.0001
   lincs-order                    = 4
   lincs-iter                     = 1
   lincs-warnangle                = 30
   nwall                          = 0
   wall-type                      = 9-3
   wall-r-linpot                  = -1
   wall-atomtype[0]               = -1
   wall-atomtype[1]               = -1
   wall-density[0]                = 0
   wall-density[1]                = 0
   wall-ewald-zfac                = 3
   pull                           = FALSE
   rotation                       = FALSE
   interactiveMD                  = FALSE
   disre                          = No
   disre-weighting                = Conservative
   disre-mixed                    = FALSE
   dr-fc                          = 1000
   dr-tau                         = 0
   nstdisreout                    = 100
   orire-fc                       = 0
   orire-tau                      = 0
   nstorireout                    = 100
   free-energy                    = no
   cos-acceleration               = 0
   deform (3x3):
      deform[    0]={ 0.00000e+00,  0.00000e+00,  0.00000e+00}
      deform[    1]={ 0.00000e+00,  0.00000e+00,  0.00000e+00}
      deform[    2]={ 0.00000e+00,  0.00000e+00,  0.00000e+00}
   simulated-tempering            = FALSE
   E-x:
      n = 0
   E-xt:
      n = 0
   E-y:
      n = 0
   E-yt:
      n = 0
   E-z:
      n = 0
   E-zt:
      n = 0
   swapcoords                     = no
   adress                         = FALSE
   userint1                       = 0
   userint2                       = 0
   userint3                       = 0
   userint4                       = 0
   userreal1                      = 0
   userreal2                      = 0
   userreal3                      = 0
   userreal4                      = 0
grpopts:
   nrdf:        8997
   ref-t:         305
   tau-t:         0.4
annealing:          No
annealing-npoints:           0
   acc:	           0           0           0
   nfreeze:           N           N           N
   energygrp-flags[  0]: 0

Using 1 MPI thread
Using 32 OpenMP threads 

1 compatible GPU is present, with ID 0
1 GPU auto-selected for this run.
Mapping of GPU ID to the 1 PP rank in this node: 0

Cut-off's:   NS: 1.004   Coulomb: 1   LJ: 1
Long Range LJ corr.: <C6> 7.9045e-03
System total charge: 0.000
Generated table with 1002 data points for COUL.
Tabscale = 500 points/nm
Generated table with 1002 data points for LJ6.
Tabscale = 500 points/nm
Generated table with 1002 data points for LJ12.
Tabscale = 500 points/nm
Potential shift: LJ r^-12: -1.000e+00 r^-6: -1.000e+00, Coulomb -1e+00

Using GPU 8x8 non-bonded kernels

Removing pbc first time
Pinning threads with an auto-selected logical core stride of 1
Center of mass motion removal mode is Linear
We have the following groups for center of mass motion removal:
  0:  rest
There are: 3000 Atoms
Initial temperature: 307.186 K

Started mdrun on rank 0 Fri Apr  6 16:17:51 2018
           Step           Time         Lambda
              0        0.00000        0.00000

   Energies (kJ/mol)
           Bond          Angle        LJ (SR)  Disper. corr.   Coulomb (SR)
    1.48149e+03    1.40414e+03   -1.13688e+04   -2.20749e+03    0.00000e+00
      Potential    Kinetic En.   Total Energy    Temperature Pres. DC (bar)
   -1.06906e+04    1.15143e+04    8.23637e+02    3.07847e+02   -2.74472e+02
 Pressure (bar)
    6.49256e+02


Step 3491  Warning: Pressure scaling more than 1%. This may mean your system
 is not yet equilibrated. Use of Parrinello-Rahman pressure coupling during
equilibration can lead to simulation instability, and is discouraged.

Step 3501  Warning: Pressure scaling more than 1%. This may mean your system
 is not yet equilibrated. Use of Parrinello-Rahman pressure coupling during
equilibration can lead to simulation instability, and is discouraged.

Step 3511  Warning: Pressure scaling more than 1%. This may mean your system
 is not yet equilibrated. Use of Parrinello-Rahman pressure coupling during
equilibration can lead to simulation instability, and is discouraged.

Step 3521  Warning: Pressure scaling more than 1%. This may mean your system
 is not yet equilibrated. Use of Parrinello-Rahman pressure coupling during
equilibration can lead to simulation instability, and is discouraged.

Step 3531  Warning: Pressure scaling more than 1%. This may mean your system
 is not yet equilibrated. Use of Parrinello-Rahman pressure coupling during
equilibration can lead to simulation instability, and is discouraged.

Step 3541  Warning: Pressure scaling more than 1%. This may mean your system
 is not yet equilibrated. Use of Parrinello-Rahman pressure coupling during
equilibration can lead to simulation instability, and is discouraged.

Step 3551  Warning: Pressure scaling more than 1%. This may mean your system
 is not yet equilibrated. Use of Parrinello-Rahman pressure coupling during
equilibration can lead to simulation instability, and is discouraged.

Step 3561  Warning: Pressure scaling more than 1%. This may mean your system
 is not yet equilibrated. Use of Parrinello-Rahman pressure coupling during
equilibration can lead to simulation instability, and is discouraged.

Step 3571  Warning: Pressure scaling more than 1%. This may mean your system
 is not yet equilibrated. Use of Parrinello-Rahman pressure coupling during
equilibration can lead to simulation instability, and is discouraged.

Step 3581  Warning: Pressure scaling more than 1%. This may mean your system
 is not yet equilibrated. Use of Parrinello-Rahman pressure coupling during
equilibration can lead to simulation instability, and is discouraged.

Step 3591  Warning: Pressure scaling more than 1%. This may mean your system
 is not yet equilibrated. Use of Parrinello-Rahman pressure coupling during
equilibration can lead to simulation instability, and is discouraged.

Step 3601  Warning: Pressure scaling more than 1%. This may mean your system
 is not yet equilibrated. Use of Parrinello-Rahman pressure coupling during
equilibration can lead to simulation instability, and is discouraged.

Step 3611  Warning: Pressure scaling more than 1%. This may mean your system
 is not yet equilibrated. Use of Parrinello-Rahman pressure coupling during
equilibration can lead to simulation instability, and is discouraged.

Step 3621  Warning: Pressure scaling more than 1%. This may mean your system
 is not yet equilibrated. Use of Parrinello-Rahman pressure coupling during
equilibration can lead to simulation instability, and is discouraged.

Step 3631  Warning: Pressure scaling more than 1%. This may mean your system
 is not yet equilibrated. Use of Parrinello-Rahman pressure coupling during
equilibration can lead to simulation instability, and is discouraged.

Step 3641  Warning: Pressure scaling more than 1%. This may mean your system
 is not yet equilibrated. Use of Parrinello-Rahman pressure coupling during
equilibration can lead to simulation instability, and is discouraged.

Step 3651  Warning: Pressure scaling more than 1%. This may mean your system
 is not yet equilibrated. Use of Parrinello-Rahman pressure coupling during
equilibration can lead to simulation instability, and is discouraged.

Step 3661  Warning: Pressure scaling more than 1%. This may mean your system
 is not yet equilibrated. Use of Parrinello-Rahman pressure coupling during
equilibration can lead to simulation instability, and is discouraged.

Step 3671  Warning: Pressure scaling more than 1%. This may mean your system
 is not yet equilibrated. Use of Parrinello-Rahman pressure coupling during
equilibration can lead to simulation instability, and is discouraged.

Step 3681  Warning: Pressure scaling more than 1%. This may mean your system
 is not yet equilibrated. Use of Parrinello-Rahman pressure coupling during
equilibration can lead to simulation instability, and is discouraged.

Step 3691  Warning: Pressure scaling more than 1%. This may mean your system
 is not yet equilibrated. Use of Parrinello-Rahman pressure coupling during
equilibration can lead to simulation instability, and is discouraged.

Step 3701  Warning: Pressure scaling more than 1%. This may mean your system
 is not yet equilibrated. Use of Parrinello-Rahman pressure coupling during
equilibration can lead to simulation instability, and is discouraged.

Step 3711  Warning: Pressure scaling more than 1%. This may mean your system
 is not yet equilibrated. Use of Parrinello-Rahman pressure coupling during
equilibration can lead to simulation instability, and is discouraged.

Step 3721  Warning: Pressure scaling more than 1%. This may mean your system
 is not yet equilibrated. Use of Parrinello-Rahman pressure coupling during
equilibration can lead to simulation instability, and is discouraged.

Step 3731  Warning: Pressure scaling more than 1%. This may mean your system
 is not yet equilibrated. Use of Parrinello-Rahman pressure coupling during
equilibration can lead to simulation instability, and is discouraged.

Step 3741  Warning: Pressure scaling more than 1%. This may mean your system
 is not yet equilibrated. Use of Parrinello-Rahman pressure coupling during
equilibration can lead to simulation instability, and is discouraged.

Step 3751  Warning: Pressure scaling more than 1%. This may mean your system
 is not yet equilibrated. Use of Parrinello-Rahman pressure coupling during
equilibration can lead to simulation instability, and is discouraged.

Step 3761  Warning: Pressure scaling more than 1%. This may mean your system
 is not yet equilibrated. Use of Parrinello-Rahman pressure coupling during
equilibration can lead to simulation instability, and is discouraged.

Step 3771  Warning: Pressure scaling more than 1%. This may mean your system
 is not yet equilibrated. Use of Parrinello-Rahman pressure coupling during
equilibration can lead to simulation instability, and is discouraged.

Step 3781  Warning: Pressure scaling more than 1%. This may mean your system
 is not yet equilibrated. Use of Parrinello-Rahman pressure coupling during
equilibration can lead to simulation instability, and is discouraged.

Step 3791  Warning: Pressure scaling more than 1%. This may mean your system
 is not yet equilibrated. Use of Parrinello-Rahman pressure coupling during
equilibration can lead to simulation instability, and is discouraged.

Step 3801  Warning: Pressure scaling more than 1%. This may mean your system
 is not yet equilibrated. Use of Parrinello-Rahman pressure coupling during
equilibration can lead to simulation instability, and is discouraged.

Step 3811  Warning: Pressure scaling more than 1%. This may mean your system
 is not yet equilibrated. Use of Parrinello-Rahman pressure coupling during
equilibration can lead to simulation instability, and is discouraged.

Step 3821  Warning: Pressure scaling more than 1%. This may mean your system
 is not yet equilibrated. Use of Parrinello-Rahman pressure coupling during
equilibration can lead to simulation instability, and is discouraged.
           Step           Time         Lambda
           5000       10.00000        0.00000

   Energies (kJ/mol)
           Bond          Angle        LJ (SR)  Disper. corr.   Coulomb (SR)
    9.22763e+03    1.16762e+03    0.00000e+00   -2.00199e+01    0.00000e+00
      Potential    Kinetic En.   Total Energy    Temperature Pres. DC (bar)
    1.03752e+04    9.64215e+03    2.00174e+04    2.57793e+02   -5.66224e-02
 Pressure (bar)
    2.90500e+01

           Step           Time         Lambda
          10000       20.00000        0.00000

   Energies (kJ/mol)
           Bond          Angle        LJ (SR)  Disper. corr.   Coulomb (SR)
    3.04579e+03    1.29479e+02    0.00000e+00    1.12499e+01    0.00000e+00
      Potential    Kinetic En.   Total Energy    Temperature Pres. DC (bar)
    3.18652e+03    2.35700e+03    5.54351e+03    6.30169e+01   -2.05152e-05
 Pressure (bar)
    2.56243e-01

           Step           Time         Lambda
          15000       30.00000        0.00000

   Energies (kJ/mol)
           Bond          Angle        LJ (SR)  Disper. corr.   Coulomb (SR)
    1.61118e+04    4.25409e+01    0.00000e+00    1.17389e+01    0.00000e+00
      Potential    Kinetic En.   Total Energy    Temperature Pres. DC (bar)
    1.61661e+04    2.24585e+04    3.86246e+04    6.00453e+02   -7.73406e-07
 Pressure (bar)
    1.14098e-02

           Step           Time         Lambda
          20000       40.00000        0.00000

   Energies (kJ/mol)
           Bond          Angle        LJ (SR)  Disper. corr.   Coulomb (SR)
    1.63708e+03    4.04087e+02    0.00000e+00    1.18144e+01    0.00000e+00
      Potential    Kinetic En.   Total Energy    Temperature Pres. DC (bar)
    2.05298e+03    7.34627e+03    9.39925e+03    1.96411e+02   -9.96770e-08
 Pressure (bar)
    1.68346e-02

           Step           Time         Lambda
          25000       50.00000        0.00000

   Energies (kJ/mol)
           Bond          Angle        LJ (SR)  Disper. corr.   Coulomb (SR)
    3.36643e+03    3.86344e+02    0.00000e+00    1.18363e+01    0.00000e+00
      Potential    Kinetic En.   Total Energy    Temperature Pres. DC (bar)
    3.76461e+03    3.09101e+03    6.85561e+03    8.26414e+01   -2.32065e-08
 Pressure (bar)
    1.40096e-03

           Step           Time         Lambda
          30000       60.00000        0.00000

   Energies (kJ/mol)
           Bond          Angle        LJ (SR)  Disper. corr.   Coulomb (SR)
    4.94807e+01    5.01416e+00    0.00000e+00    1.18449e+01    0.00000e+00
      Potential    Kinetic En.   Total Energy    Temperature Pres. DC (bar)
    6.63398e+01    4.93305e+01    1.15670e+02    1.31891e+00   -7.72231e-09
 Pressure (bar)
    8.25381e-04

           Step           Time         Lambda
          35000       70.00000        0.00000

   Energies (kJ/mol)
           Bond          Angle        LJ (SR)  Disper. corr.   Coulomb (SR)
    3.14861e+01    2.54014e+00    0.00000e+00    1.18490e+01    0.00000e+00
      Potential    Kinetic En.   Total Energy    Temperature Pres. DC (bar)
    4.58752e+01    3.41118e+01    7.99871e+01    9.12017e-01   -3.28423e-09
 Pressure (bar)
    7.41508e-04

           Step           Time         Lambda
          40000       80.00000        0.00000

   Energies (kJ/mol)
           Bond          Angle        LJ (SR)  Disper. corr.   Coulomb (SR)
    1.66183e+00    1.55385e-01    0.00000e+00    1.18512e+01    0.00000e+00
      Potential    Kinetic En.   Total Energy    Temperature Pres. DC (bar)
    1.36684e+01    1.78940e+00    1.54578e+01    4.78416e-02   -1.67831e-09
 Pressure (bar)
    3.00510e-04

           Step           Time         Lambda
          45000       90.00000        0.00000

   Energies (kJ/mol)
           Bond          Angle        LJ (SR)  Disper. corr.   Coulomb (SR)
    1.49296e+00    9.58096e-02    0.00000e+00    1.18525e+01    0.00000e+00
      Potential    Kinetic En.   Total Energy    Temperature Pres. DC (bar)
    1.34412e+01    1.55866e+00    1.49999e+01    4.16724e-02   -9.92840e-10
 Pressure (bar)
    1.82823e-04

           Step           Time         Lambda
          50000      100.00000        0.00000

   Energies (kJ/mol)
           Bond          Angle        LJ (SR)  Disper. corr.   Coulomb (SR)
    3.90202e+00    3.14112e-01    0.00000e+00    1.18532e+01    0.00000e+00
      Potential    Kinetic En.   Total Energy    Temperature Pres. DC (bar)
    1.60694e+01    4.25404e+00    2.03234e+01    1.13737e-01   -6.63965e-10
 Pressure (bar)
    1.29025e-04

           Step           Time         Lambda
          55000      110.00000        0.00000

   Energies (kJ/mol)
           Bond          Angle        LJ (SR)  Disper. corr.   Coulomb (SR)
    4.73302e+00    3.76317e-01    0.00000e+00    1.18537e+01    0.00000e+00
      Potential    Kinetic En.   Total Energy    Temperature Pres. DC (bar)
    1.69631e+01    4.94945e+00    2.19125e+01    1.32329e-01   -4.94235e-10
 Pressure (bar)
    5.17001e-05

           Step           Time         Lambda
          60000      120.00000        0.00000

   Energies (kJ/mol)
           Bond          Angle        LJ (SR)  Disper. corr.   Coulomb (SR)
    2.27569e+00    1.88829e-01    0.00000e+00    1.18540e+01    0.00000e+00
      Potential    Kinetic En.   Total Energy    Temperature Pres. DC (bar)
    1.43185e+01    2.51547e+00    1.68340e+01    6.72539e-02   -4.05382e-10
 Pressure (bar)
    4.11162e-05

           Step           Time         Lambda
          65000      130.00000        0.00000

   Energies (kJ/mol)
           Bond          Angle        LJ (SR)  Disper. corr.   Coulomb (SR)
    3.33700e+00    3.26772e-01    0.00000e+00    1.18541e+01    0.00000e+00
      Potential    Kinetic En.   Total Energy    Temperature Pres. DC (bar)
    1.55179e+01    3.58889e+00    1.91068e+01    9.59530e-02   -3.64089e-10
 Pressure (bar)
    9.90113e-06

           Step           Time         Lambda
          70000      140.00000        0.00000

   Energies (kJ/mol)
           Bond          Angle        LJ (SR)  Disper. corr.   Coulomb (SR)
    2.63314e+00    2.48850e-01    0.00000e+00    1.18542e+01    0.00000e+00
      Potential    Kinetic En.   Total Energy    Temperature Pres. DC (bar)
    1.47362e+01    2.78668e+00    1.75228e+01    7.45050e-02   -3.56918e-10
 Pressure (bar)
   -4.62806e-06

           Step           Time         Lambda
          75000      150.00000        0.00000

   Energies (kJ/mol)
           Bond          Angle        LJ (SR)  Disper. corr.   Coulomb (SR)
    2.51531e+00    2.20216e-01    0.00000e+00    1.18541e+01    0.00000e+00
      Potential    Kinetic En.   Total Energy    Temperature Pres. DC (bar)
    1.45896e+01    2.85875e+00    1.74484e+01    7.64318e-02   -3.81684e-10
 Pressure (bar)
   -2.37562e-05

           Step           Time         Lambda
          80000      160.00000        0.00000

   Energies (kJ/mol)
           Bond          Angle        LJ (SR)  Disper. corr.   Coulomb (SR)
    4.70927e+00    5.21094e-01    0.00000e+00    1.18539e+01    0.00000e+00
      Potential    Kinetic En.   Total Energy    Temperature Pres. DC (bar)
    1.70842e+01    5.82188e+00    2.29061e+01    1.55654e-01   -4.46139e-10
 Pressure (bar)
   -4.58503e-05

           Step           Time         Lambda
          85000      170.00000        0.00000

   Energies (kJ/mol)
           Bond          Angle        LJ (SR)  Disper. corr.   Coulomb (SR)
    4.29393e+00    4.62674e-01    0.00000e+00    1.18535e+01    0.00000e+00
      Potential    Kinetic En.   Total Energy    Temperature Pres. DC (bar)
    1.66101e+01    5.28607e+00    2.18962e+01    1.41329e-01   -5.72732e-10
 Pressure (bar)
   -8.13867e-05

           Step           Time         Lambda
          90000      180.00000        0.00000

   Energies (kJ/mol)
           Bond          Angle        LJ (SR)  Disper. corr.   Coulomb (SR)
    2.74296e+00    2.39502e-01    0.00000e+00    1.18529e+01    0.00000e+00
      Potential    Kinetic En.   Total Energy    Temperature Pres. DC (bar)
    1.48353e+01    3.18064e+00    1.80160e+01    8.50379e-02   -8.14142e-10
 Pressure (bar)
   -1.39266e-04

           Step           Time         Lambda
          95000      190.00000        0.00000

   Energies (kJ/mol)
           Bond          Angle        LJ (SR)  Disper. corr.   Coulomb (SR)
    1.19118e+01    1.27802e+00    0.00000e+00    1.18519e+01    0.00000e+00
      Potential    Kinetic En.   Total Energy    Temperature Pres. DC (bar)
    2.50417e+01    1.34218e+01    3.84635e+01    3.58846e-01   -1.29806e-09
 Pressure (bar)
   -2.22245e-04

           Step           Time         Lambda
         100000      200.00000        0.00000

   Energies (kJ/mol)
           Bond          Angle        LJ (SR)  Disper. corr.   Coulomb (SR)
    7.82917e+01    7.58732e+00    0.00000e+00    1.18502e+01    0.00000e+00
      Potential    Kinetic En.   Total Energy    Temperature Pres. DC (bar)
    9.77292e+01    8.24235e+01    1.80153e+02    2.20368e+00   -2.36710e-09
 Pressure (bar)
   -3.63350e-04

           Step           Time         Lambda
         105000      210.00000        0.00000

   Energies (kJ/mol)
           Bond          Angle        LJ (SR)  Disper. corr.   Coulomb (SR)
    4.24273e+04    6.60052e+03    0.00000e+00    1.18471e+01    0.00000e+00
      Potential    Kinetic En.   Total Energy    Temperature Pres. DC (bar)
    4.90397e+04    5.40406e+04    1.03080e+05    1.44483e+03   -5.08827e-09
 Pressure (bar)
    4.63298e-03

           Step           Time         Lambda
         110000      220.00000        0.00000

   Energies (kJ/mol)
           Bond          Angle        LJ (SR)  Disper. corr.   Coulomb (SR)
    2.73296e+00    1.39373e-01    0.00000e+00    1.18411e+01    0.00000e+00
      Potential    Kinetic En.   Total Energy    Temperature Pres. DC (bar)
    1.47134e+01    1.90604e+00    1.66195e+01    5.09601e-02   -1.35365e-08
 Pressure (bar)
   -1.87600e-03

           Step           Time         Lambda
         115000      230.00000        0.00000

   Energies (kJ/mol)
           Bond          Angle        LJ (SR)  Disper. corr.   Coulomb (SR)
    2.44704e+01    1.41389e+00    0.00000e+00    1.18272e+01    0.00000e+00
      Potential    Kinetic En.   Total Energy    Temperature Pres. DC (bar)
    3.77115e+01    2.34359e+01    6.11475e+01    6.26586e-01   -4.84927e-08
 Pressure (bar)
   -5.52916e-03

           Step           Time         Lambda
         120000      240.00000        0.00000

   Energies (kJ/mol)
           Bond          Angle        LJ (SR)  Disper. corr.   Coulomb (SR)
    1.05532e+03    8.82450e+01    0.00000e+00    1.17864e+01    0.00000e+00
      Potential    Kinetic En.   Total Energy    Temperature Pres. DC (bar)
    1.15535e+03    1.04132e+03    2.19667e+03    2.78408e+01   -2.75671e-07
 Pressure (bar)
   -1.49611e-02

           Step           Time         Lambda
         125000      250.00000        0.00000

   Energies (kJ/mol)
           Bond          Angle        LJ (SR)  Disper. corr.   Coulomb (SR)
    7.41157e+00    2.68076e-01    0.00000e+00    1.15999e+01    0.00000e+00
      Potential    Kinetic En.   Total Energy    Temperature Pres. DC (bar)
    1.92796e+01    2.93154e+00    2.22111e+01    7.83779e-02   -3.67426e-06
 Pressure (bar)
   -7.79075e-02

           Step           Time         Lambda
         130000      260.00000        0.00000

   Energies (kJ/mol)
           Bond          Angle        LJ (SR)  Disper. corr.   Coulomb (SR)
    3.44574e+02    3.24556e+00    0.00000e+00    8.92562e+00    0.00000e+00
      Potential    Kinetic En.   Total Energy    Temperature Pres. DC (bar)
    3.56745e+02    1.78583e+02    5.35328e+02    4.77462e+00   -4.78741e-04
 Pressure (bar)
   -2.53004e+00


Step 132771  Warning: Pressure scaling more than 1%. This may mean your system
 is not yet equilibrated. Use of Parrinello-Rahman pressure coupling during
equilibration can lead to simulation instability, and is discouraged.

Step 132781  Warning: Pressure scaling more than 1%. This may mean your system
 is not yet equilibrated. Use of Parrinello-Rahman pressure coupling during
equilibration can lead to simulation instability, and is discouraged.

Step 132791  Warning: Pressure scaling more than 1%. This may mean your system
 is not yet equilibrated. Use of Parrinello-Rahman pressure coupling during
equilibration can lead to simulation instability, and is discouraged.

Step 132801  Warning: Pressure scaling more than 1%. This may mean your system
 is not yet equilibrated. Use of Parrinello-Rahman pressure coupling during
equilibration can lead to simulation instability, and is discouraged.

Step 132811  Warning: Pressure scaling more than 1%. This may mean your system
 is not yet equilibrated. Use of Parrinello-Rahman pressure coupling during
equilibration can lead to simulation instability, and is discouraged.

Step 132821  Warning: Pressure scaling more than 1%. This may mean your system
 is not yet equilibrated. Use of Parrinello-Rahman pressure coupling during
equilibration can lead to simulation instability, and is discouraged.

Step 132831  Warning: Pressure scaling more than 1%. This may mean your system
 is not yet equilibrated. Use of Parrinello-Rahman pressure coupling during
equilibration can lead to simulation instability, and is discouraged.

Step 132841  Warning: Pressure scaling more than 1%. This may mean your system
 is not yet equilibrated. Use of Parrinello-Rahman pressure coupling during
equilibration can lead to simulation instability, and is discouraged.

Step 132851  Warning: Pressure scaling more than 1%. This may mean your system
 is not yet equilibrated. Use of Parrinello-Rahman pressure coupling during
equilibration can lead to simulation instability, and is discouraged.

Step 132861  Warning: Pressure scaling more than 1%. This may mean your system
 is not yet equilibrated. Use of Parrinello-Rahman pressure coupling during
equilibration can lead to simulation instability, and is discouraged.

Step 132871  Warning: Pressure scaling more than 1%. This may mean your system
 is not yet equilibrated. Use of Parrinello-Rahman pressure coupling during
equilibration can lead to simulation instability, and is discouraged.

Step 132881  Warning: Pressure scaling more than 1%. This may mean your system
 is not yet equilibrated. Use of Parrinello-Rahman pressure coupling during
equilibration can lead to simulation instability, and is discouraged.

Step 132891  Warning: Pressure scaling more than 1%. This may mean your system
 is not yet equilibrated. Use of Parrinello-Rahman pressure coupling during
equilibration can lead to simulation instability, and is discouraged.

Step 132901  Warning: Pressure scaling more than 1%. This may mean your system
 is not yet equilibrated. Use of Parrinello-Rahman pressure coupling during
equilibration can lead to simulation instability, and is discouraged.

Step 132911  Warning: Pressure scaling more than 1%. This may mean your system
 is not yet equilibrated. Use of Parrinello-Rahman pressure coupling during
equilibration can lead to simulation instability, and is discouraged.

Step 132921  Warning: Pressure scaling more than 1%. This may mean your system
 is not yet equilibrated. Use of Parrinello-Rahman pressure coupling during
equilibration can lead to simulation instability, and is discouraged.

Step 132931  Warning: Pressure scaling more than 1%. This may mean your system
 is not yet equilibrated. Use of Parrinello-Rahman pressure coupling during
equilibration can lead to simulation instability, and is discouraged.

Step 132941  Warning: Pressure scaling more than 1%. This may mean your system
 is not yet equilibrated. Use of Parrinello-Rahman pressure coupling during
equilibration can lead to simulation instability, and is discouraged.

Step 132951  Warning: Pressure scaling more than 1%. This may mean your system
 is not yet equilibrated. Use of Parrinello-Rahman pressure coupling during
equilibration can lead to simulation instability, and is discouraged.

Step 132961  Warning: Pressure scaling more than 1%. This may mean your system
 is not yet equilibrated. Use of Parrinello-Rahman pressure coupling during
equilibration can lead to simulation instability, and is discouraged.

Step 132971  Warning: Pressure scaling more than 1%. This may mean your system
 is not yet equilibrated. Use of Parrinello-Rahman pressure coupling during
equilibration can lead to simulation instability, and is discouraged.

Step 132981  Warning: Pressure scaling more than 1%. This may mean your system
 is not yet equilibrated. Use of Parrinello-Rahman pressure coupling during
equilibration can lead to simulation instability, and is discouraged.

Step 132991  Warning: Pressure scaling more than 1%. This may mean your system
 is not yet equilibrated. Use of Parrinello-Rahman pressure coupling during
equilibration can lead to simulation instability, and is discouraged.

Step 133001  Warning: Pressure scaling more than 1%. This may mean your system
 is not yet equilibrated. Use of Parrinello-Rahman pressure coupling during
equilibration can lead to simulation instability, and is discouraged.

Step 133011  Warning: Pressure scaling more than 1%. This may mean your system
 is not yet equilibrated. Use of Parrinello-Rahman pressure coupling during
equilibration can lead to simulation instability, and is discouraged.

Step 133021  Warning: Pressure scaling more than 1%. This may mean your system
 is not yet equilibrated. Use of Parrinello-Rahman pressure coupling during
equilibration can lead to simulation instability, and is discouraged.

Step 133031  Warning: Pressure scaling more than 1%. This may mean your system
 is not yet equilibrated. Use of Parrinello-Rahman pressure coupling during
equilibration can lead to simulation instability, and is discouraged.

Step 133041  Warning: Pressure scaling more than 1%. This may mean your system
 is not yet equilibrated. Use of Parrinello-Rahman pressure coupling during
equilibration can lead to simulation instability, and is discouraged.

Step 133051  Warning: Pressure scaling more than 1%. This may mean your system
 is not yet equilibrated. Use of Parrinello-Rahman pressure coupling during
equilibration can lead to simulation instability, and is discouraged.

Step 133061  Warning: Pressure scaling more than 1%. This may mean your system
 is not yet equilibrated. Use of Parrinello-Rahman pressure coupling during
equilibration can lead to simulation instability, and is discouraged.

Step 133071  Warning: Pressure scaling more than 1%. This may mean your system
 is not yet equilibrated. Use of Parrinello-Rahman pressure coupling during
equilibration can lead to simulation instability, and is discouraged.

Step 133081  Warning: Pressure scaling more than 1%. This may mean your system
 is not yet equilibrated. Use of Parrinello-Rahman pressure coupling during
equilibration can lead to simulation instability, and is discouraged.

Step 133091  Warning: Pressure scaling more than 1%. This may mean your system
 is not yet equilibrated. Use of Parrinello-Rahman pressure coupling during
equilibration can lead to simulation instability, and is discouraged.

Step 133101  Warning: Pressure scaling more than 1%. This may mean your system
 is not yet equilibrated. Use of Parrinello-Rahman pressure coupling during
equilibration can lead to simulation instability, and is discouraged.

Step 133111  Warning: Pressure scaling more than 1%. This may mean your system
 is not yet equilibrated. Use of Parrinello-Rahman pressure coupling during
equilibration can lead to simulation instability, and is discouraged.

Step 133121  Warning: Pressure scaling more than 1%. This may mean your system
 is not yet equilibrated. Use of Parrinello-Rahman pressure coupling during
equilibration can lead to simulation instability, and is discouraged.

Step 133131  Warning: Pressure scaling more than 1%. This may mean your system
 is not yet equilibrated. Use of Parrinello-Rahman pressure coupling during
equilibration can lead to simulation instability, and is discouraged.

Step 133141  Warning: Pressure scaling more than 1%. This may mean your system
 is not yet equilibrated. Use of Parrinello-Rahman pressure coupling during
equilibration can lead to simulation instability, and is discouraged.

Step 133151  Warning: Pressure scaling more than 1%. This may mean your system
 is not yet equilibrated. Use of Parrinello-Rahman pressure coupling during
equilibration can lead to simulation instability, and is discouraged.

Step 133161  Warning: Pressure scaling more than 1%. This may mean your system
 is not yet equilibrated. Use of Parrinello-Rahman pressure coupling during
equilibration can lead to simulation instability, and is discouraged.

Step 133171  Warning: Pressure scaling more than 1%. This may mean your system
 is not yet equilibrated. Use of Parrinello-Rahman pressure coupling during
equilibration can lead to simulation instability, and is discouraged.

Step 133181  Warning: Pressure scaling more than 1%. This may mean your system
 is not yet equilibrated. Use of Parrinello-Rahman pressure coupling during
equilibration can lead to simulation instability, and is discouraged.

Step 133191  Warning: Pressure scaling more than 1%. This may mean your system
 is not yet equilibrated. Use of Parrinello-Rahman pressure coupling during
equilibration can lead to simulation instability, and is discouraged.

Step 133201  Warning: Pressure scaling more than 1%. This may mean your system
 is not yet equilibrated. Use of Parrinello-Rahman pressure coupling during
equilibration can lead to simulation instability, and is discouraged.

Step 133211  Warning: Pressure scaling more than 1%. This may mean your system
 is not yet equilibrated. Use of Parrinello-Rahman pressure coupling during
equilibration can lead to simulation instability, and is discouraged.

Step 133221  Warning: Pressure scaling more than 1%. This may mean your system
 is not yet equilibrated. Use of Parrinello-Rahman pressure coupling during
equilibration can lead to simulation instability, and is discouraged.

Step 133231  Warning: Pressure scaling more than 1%. This may mean your system
 is not yet equilibrated. Use of Parrinello-Rahman pressure coupling during
equilibration can lead to simulation instability, and is discouraged.

Step 133241  Warning: Pressure scaling more than 1%. This may mean your system
 is not yet equilibrated. Use of Parrinello-Rahman pressure coupling during
equilibration can lead to simulation instability, and is discouraged.

Step 133251  Warning: Pressure scaling more than 1%. This may mean your system
 is not yet equilibrated. Use of Parrinello-Rahman pressure coupling during
equilibration can lead to simulation instability, and is discouraged.

Step 133261  Warning: Pressure scaling more than 1%. This may mean your system
 is not yet equilibrated. Use of Parrinello-Rahman pressure coupling during
equilibration can lead to simulation instability, and is discouraged.

Step 133271  Warning: Pressure scaling more than 1%. This may mean your system
 is not yet equilibrated. Use of Parrinello-Rahman pressure coupling during
equilibration can lead to simulation instability, and is discouraged.

Step 133281  Warning: Pressure scaling more than 1%. This may mean your system
 is not yet equilibrated. Use of Parrinello-Rahman pressure coupling during
equilibration can lead to simulation instability, and is discouraged.

Step 133291  Warning: Pressure scaling more than 1%. This may mean your system
 is not yet equilibrated. Use of Parrinello-Rahman pressure coupling during
equilibration can lead to simulation instability, and is discouraged.

Step 133301  Warning: Pressure scaling more than 1%. This may mean your system
 is not yet equilibrated. Use of Parrinello-Rahman pressure coupling during
equilibration can lead to simulation instability, and is discouraged.

Step 133311  Warning: Pressure scaling more than 1%. This may mean your system
 is 